  game-window.cpp
c:\c++\tanks\tanks\game-window.cpp(41): warning C4244: аргумент: преобразование "int" в "T", возможна потеря данных
          with
          [
              T=float
          ]
c:\c++\tanks\tanks\game-window.cpp(46): warning C4244: аргумент: преобразование "int" в "T", возможна потеря данных
          with
          [
              T=float
          ]
c:\c++\tanks\tanks\game-window.cpp(54): warning C4244: аргумент: преобразование "int" в "T", возможна потеря данных
          with
          [
              T=float
          ]
c:\c++\tanks\tanks\game-window.cpp(55): warning C4244: аргумент: преобразование "int" в "T", возможна потеря данных
          with
          [
              T=float
          ]
c:\c++\tanks\tanks\game-window.cpp(60): warning C4244: аргумент: преобразование "int" в "T", возможна потеря данных
          with
          [
              T=float
          ]
c:\c++\tanks\tanks\game-window.cpp(61): warning C4244: аргумент: преобразование "int" в "T", возможна потеря данных
          with
          [
              T=float
          ]
c:\c++\tanks\tanks\game-window.cpp(66): warning C4244: аргумент: преобразование "int" в "T", возможна потеря данных
          with
          [
              T=float
          ]
c:\c++\tanks\tanks\game-window.cpp(67): warning C4244: аргумент: преобразование "int" в "T", возможна потеря данных
          with
          [
              T=float
          ]
c:\c++\tanks\tanks\game-window.cpp(72): warning C4244: аргумент: преобразование "int" в "T", возможна потеря данных
          with
          [
              T=float
          ]
c:\c++\tanks\tanks\game-window.cpp(73): warning C4244: аргумент: преобразование "int" в "T", возможна потеря данных
          with
          [
              T=float
          ]
  artificial_Intelligence.cpp
  main.cpp
  player.cpp
  Создание кода
  26 of 113 functions (23.0%) were compiled, the rest were copied from previous compilation.
    16 functions were new in current compilation
    11 functions had inline decision re-evaluated but remain unchanged
  Создание кода завершено
  Tanks.vcxproj -> C:\C++\Tanks\x64\Release\Tanks.exe
